This is pdfTeX, Version 3.14159265-2.6-1.40.16 (TeX Live 2015) (preloaded format=pdflatex 2015.7.19)  3 AUG 2017 20:43
entering extended mode
 restricted \write18 enabled.
 %&-line parsing enabled.
**paper.ltx
(./paper.ltx
LaTeX2e <2015/01/01>
Babel <3.9l> and hyphenation patterns for 79 languages loaded.
(/home/wtf/texmf/tex/latex/seg/geophysics.cls
Document Class: geophysics 2007/02/14 v3.0 Geophysics paper
(/usr/local/texlive/2015/texmf-dist/tex/latex/base/ifthen.sty
Package: ifthen 2014/09/29 v1.1c Standard LaTeX ifthen package (DPC)
)
(/usr/local/texlive/2015/texmf-dist/tex/latex/base/article.cls
Document Class: article 2014/09/29 v1.4h Standard LaTeX document class
(/usr/local/texlive/2015/texmf-dist/tex/latex/base/size11.clo
File: size11.clo 2014/09/29 v1.4h Standard LaTeX file (size option)
)
\c@part=\count79
\c@section=\count80
\c@subsection=\count81
\c@subsubsection=\count82
\c@paragraph=\count83
\c@subparagraph=\count84
\c@figure=\count85
\c@table=\count86
\abovecaptionskip=\skip41
\belowcaptionskip=\skip42
\bibindent=\dimen102
)
(/home/wtf/texmf/tex/latex/seg/seg.sty
(/usr/local/texlive/2015/texmf-dist/tex/generic/oberdiek/ifpdf.sty
Package: ifpdf 2011/01/30 v2.3 Provides the ifpdf switch (HO)
Package ifpdf Info: pdfTeX in PDF mode is detected.
)
(/usr/local/texlive/2015/texmf-dist/tex/latex/graphics/graphicx.sty
Package: graphicx 2014/10/28 v1.0g Enhanced LaTeX Graphics (DPC,SPQR)

(/usr/local/texlive/2015/texmf-dist/tex/latex/graphics/keyval.sty
Package: keyval 2014/10/28 v1.15 key=value parser (DPC)
\KV@toks@=\toks14
)
(/usr/local/texlive/2015/texmf-dist/tex/latex/graphics/graphics.sty
Package: graphics 2014/10/28 v1.0p Standard LaTeX Graphics (DPC,SPQR)

(/usr/local/texlive/2015/texmf-dist/tex/latex/graphics/trig.sty
Package: trig 1999/03/16 v1.09 sin cos tan (DPC)
)
(/usr/local/texlive/2015/texmf-dist/tex/latex/latexconfig/graphics.cfg
File: graphics.cfg 2010/04/23 v1.9 graphics configuration of TeX Live
)
Package graphics Info: Driver file: pdftex.def on input line 94.

(/usr/local/texlive/2015/texmf-dist/tex/latex/pdftex-def/pdftex.def
File: pdftex.def 2011/05/27 v0.06d Graphics/color for pdfTeX

(/usr/local/texlive/2015/texmf-dist/tex/generic/oberdiek/infwarerr.sty
Package: infwarerr 2010/04/08 v1.3 Providing info/warning/error messages (HO)
)
(/usr/local/texlive/2015/texmf-dist/tex/generic/oberdiek/ltxcmds.sty
Package: ltxcmds 2011/11/09 v1.22 LaTeX kernel commands for general use (HO)
)
\Gread@gobject=\count87
))
\Gin@req@height=\dimen103
\Gin@req@width=\dimen104
)
(/usr/local/texlive/2015/texmf-dist/tex/latex/tools/verbatim.sty
Package: verbatim 2014/10/28 v1.5q LaTeX2e package for verbatim enhancements
\every@verbatim=\toks15
\verbatim@line=\toks16
\verbatim@in@stream=\read1
)
(/usr/local/texlive/2015/texmf-dist/tex/latex/moreverb/moreverb.sty
Package: moreverb 2008/06/03 v2.3a `more' verbatim facilities
\tab@position=\count88
\tab@size=\count89
\listing@line=\count90
))
\c@@plots=\count91

(/usr/local/texlive/2015/texmf-dist/tex/latex/subfig/subfig.sty
Package: subfig 2005/06/28 ver: 1.3 subfig package

(/usr/local/texlive/2015/texmf-dist/tex/latex/caption/caption.sty
Package: caption 2013/05/02 v3.3-89 Customizing captions (AR)

(/usr/local/texlive/2015/texmf-dist/tex/latex/caption/caption3.sty
Package: caption3 2013/05/02 v1.6-88 caption3 kernel (AR)
Package caption3 Info: TeX engine: e-TeX on input line 57.
\captionmargin=\dimen105
\captionmargin@=\dimen106
\captionwidth=\dimen107
\caption@tempdima=\dimen108
\caption@indent=\dimen109
\caption@parindent=\dimen110
\caption@hangindent=\dimen111
)
\c@ContinuedFloat=\count92
)
\c@KVtest=\count93
\sf@farskip=\skip43
\sf@captopadj=\dimen112
\sf@capskip=\skip44
\sf@nearskip=\skip45
\c@subfigure=\count94
\c@subfigure@save=\count95
\c@lofdepth=\count96
\c@subtable=\count97
\c@subtable@save=\count98
\c@lotdepth=\count99
\sf@top=\skip46
\sf@bottom=\skip47
)
\c@sub@fig=\count100
\c@@tabls=\count101

(/usr/local/texlive/2015/texmf-dist/tex/latex/graphics/color.sty
Package: color 2014/10/28 v1.1a Standard LaTeX Color (DPC)

(/usr/local/texlive/2015/texmf-dist/tex/latex/latexconfig/color.cfg
File: color.cfg 2007/01/18 v1.5 color configuration of teTeX/TeXLive
)
Package color Info: Driver file: pdftex.def on input line 142.
)
(/usr/local/texlive/2015/texmf-dist/tex/generic/ulem/ulem.sty
\UL@box=\box26
\UL@hyphenbox=\box27
\UL@skip=\skip48
\UL@hook=\toks17
\UL@height=\dimen113
\UL@pe=\count102
\UL@pixel=\dimen114
\ULC@box=\box28
Package: ulem 2012/05/18
\ULdepth=\dimen115
)
(/usr/local/texlive/2015/texmf-dist/tex/latex/natbib/natbib.sty
Package: natbib 2010/09/13 8.31b (PWD, AO)
\bibhang=\skip49
\bibsep=\skip50
LaTeX Info: Redefining \cite on input line 694.
\c@NAT@ctr=\count103
)
LaTeX Info: Redefining \refname on input line 306.
\c@@append=\count104
)
(/usr/local/texlive/2015/texmf-dist/tex/latex/amsmath/amsmath.sty
Package: amsmath 2013/01/14 v2.14 AMS math features
\@mathmargin=\skip51

For additional information on amsmath, use the `?' option.
(/usr/local/texlive/2015/texmf-dist/tex/latex/amsmath/amstext.sty
Package: amstext 2000/06/29 v2.01

(/usr/local/texlive/2015/texmf-dist/tex/latex/amsmath/amsgen.sty
File: amsgen.sty 1999/11/30 v2.0
\@emptytoks=\toks18
\ex@=\dimen116
))
(/usr/local/texlive/2015/texmf-dist/tex/latex/amsmath/amsbsy.sty
Package: amsbsy 1999/11/29 v1.2d
\pmbraise@=\dimen117
)
(/usr/local/texlive/2015/texmf-dist/tex/latex/amsmath/amsopn.sty
Package: amsopn 1999/12/14 v2.01 operator names
)
\inf@bad=\count105
LaTeX Info: Redefining \frac on input line 210.
\uproot@=\count106
\leftroot@=\count107
LaTeX Info: Redefining \overline on input line 306.
\classnum@=\count108
\DOTSCASE@=\count109
LaTeX Info: Redefining \ldots on input line 378.
LaTeX Info: Redefining \dots on input line 381.
LaTeX Info: Redefining \cdots on input line 466.
\Mathstrutbox@=\box29
\strutbox@=\box30
\big@size=\dimen118
LaTeX Font Info:    Redeclaring font encoding OML on input line 566.
LaTeX Font Info:    Redeclaring font encoding OMS on input line 567.
\macc@depth=\count110
\c@MaxMatrixCols=\count111
\dotsspace@=\muskip10
\c@parentequation=\count112
\dspbrk@lvl=\count113
\tag@help=\toks19
\row@=\count114
\column@=\count115
\maxfields@=\count116
\andhelp@=\toks20
\eqnshift@=\dimen119
\alignsep@=\dimen120
\tagshift@=\dimen121
\tagwidth@=\dimen122
\totwidth@=\dimen123
\lineht@=\dimen124
\@envbody=\toks21
\multlinegap=\skip52
\multlinetaggap=\skip53
\mathdisplay@stack=\toks22
LaTeX Info: Redefining \[ on input line 2665.
LaTeX Info: Redefining \] on input line 2666.
)
(/usr/local/texlive/2015/texmf-dist/tex/latex/listings/listings.sty
\lst@mode=\count117
\lst@gtempboxa=\box31
\lst@token=\toks23
\lst@length=\count118
\lst@currlwidth=\dimen125
\lst@column=\count119
\lst@pos=\count120
\lst@lostspace=\dimen126
\lst@width=\dimen127
\lst@newlines=\count121
\lst@lineno=\count122
\lst@maxwidth=\dimen128

(/usr/local/texlive/2015/texmf-dist/tex/latex/listings/lstmisc.sty
File: lstmisc.sty 2014/09/06 1.5e (Carsten Heinz)
\c@lstnumber=\count123
\lst@skipnumbers=\count124
\lst@framebox=\box32
)
(/usr/local/texlive/2015/texmf-dist/tex/latex/listings/listings.cfg
File: listings.cfg 2014/09/06 1.5e listings configuration
))
Package: listings 2014/09/06 1.5e (Carsten Heinz)

(/usr/local/texlive/2015/texmf-dist/tex/latex/multirow/multirow.sty
\bigstrutjot=\dimen129
)
(/usr/local/texlive/2015/texmf-dist/tex/latex/tools/array.sty
Package: array 2014/10/28 v2.4c Tabular extension package (FMi)
\col@sep=\dimen130
\extrarowheight=\dimen131
\NC@list=\toks24
\extratabsurround=\skip54
\backup@length=\skip55
)
(/usr/local/texlive/2015/texmf-dist/tex/latex/pgf/frontendlayer/tikz.sty
(/usr/local/texlive/2015/texmf-dist/tex/latex/pgf/basiclayer/pgf.sty
(/usr/local/texlive/2015/texmf-dist/tex/latex/pgf/utilities/pgfrcs.sty
(/usr/local/texlive/2015/texmf-dist/tex/generic/pgf/utilities/pgfutil-common.te
x
\pgfutil@everybye=\toks25
\pgfutil@tempdima=\dimen132
\pgfutil@tempdimb=\dimen133

(/usr/local/texlive/2015/texmf-dist/tex/generic/pgf/utilities/pgfutil-common-li
sts.tex))
(/usr/local/texlive/2015/texmf-dist/tex/generic/pgf/utilities/pgfutil-latex.def
\pgfutil@abb=\box33
(/usr/local/texlive/2015/texmf-dist/tex/latex/ms/everyshi.sty
Package: everyshi 2001/05/15 v3.00 EveryShipout Package (MS)
))
(/usr/local/texlive/2015/texmf-dist/tex/generic/pgf/utilities/pgfrcs.code.tex
Package: pgfrcs 2013/12/20 v3.0.0 (rcs-revision 1.28)
))
Package: pgf 2013/12/18 v3.0.0 (rcs-revision 1.14)
(/usr/local/texlive/2015/texmf-dist/tex/latex/pgf/basiclayer/pgfcore.sty
(/usr/local/texlive/2015/texmf-dist/tex/latex/pgf/systemlayer/pgfsys.sty
(/usr/local/texlive/2015/texmf-dist/tex/generic/pgf/systemlayer/pgfsys.code.tex
Package: pgfsys 2013/11/30 v3.0.0 (rcs-revision 1.47)
(/usr/local/texlive/2015/texmf-dist/tex/generic/pgf/utilities/pgfkeys.code.tex
\pgfkeys@pathtoks=\toks26
\pgfkeys@temptoks=\toks27

(/usr/local/texlive/2015/texmf-dist/tex/generic/pgf/utilities/pgfkeysfiltered.c
ode.tex
\pgfkeys@tmptoks=\toks28
))
\pgf@x=\dimen134
\pgf@y=\dimen135
\pgf@xa=\dimen136
\pgf@ya=\dimen137
\pgf@xb=\dimen138
\pgf@yb=\dimen139
\pgf@xc=\dimen140
\pgf@yc=\dimen141
\w@pgf@writea=\write3
\r@pgf@reada=\read2
\c@pgf@counta=\count125
\c@pgf@countb=\count126
\c@pgf@countc=\count127
\c@pgf@countd=\count128
\t@pgf@toka=\toks29
\t@pgf@tokb=\toks30
\t@pgf@tokc=\toks31

(/usr/local/texlive/2015/texmf-dist/tex/generic/pgf/systemlayer/pgf.cfg
File: pgf.cfg 2008/05/14  (rcs-revision 1.7)
)
Driver file for pgf: pgfsys-pdftex.def

(/usr/local/texlive/2015/texmf-dist/tex/generic/pgf/systemlayer/pgfsys-pdftex.d
ef
File: pgfsys-pdftex.def 2013/07/18  (rcs-revision 1.33)

(/usr/local/texlive/2015/texmf-dist/tex/generic/pgf/systemlayer/pgfsys-common-p
df.def
File: pgfsys-common-pdf.def 2013/10/10  (rcs-revision 1.13)
)))
(/usr/local/texlive/2015/texmf-dist/tex/generic/pgf/systemlayer/pgfsyssoftpath.
code.tex
File: pgfsyssoftpath.code.tex 2013/09/09  (rcs-revision 1.9)
\pgfsyssoftpath@smallbuffer@items=\count129
\pgfsyssoftpath@bigbuffer@items=\count130
)
(/usr/local/texlive/2015/texmf-dist/tex/generic/pgf/systemlayer/pgfsysprotocol.
code.tex
File: pgfsysprotocol.code.tex 2006/10/16  (rcs-revision 1.4)
)) (/usr/local/texlive/2015/texmf-dist/tex/latex/xcolor/xcolor.sty
Package: xcolor 2007/01/21 v2.11 LaTeX color extensions (UK)

(/usr/local/texlive/2015/texmf-dist/tex/latex/latexconfig/color.cfg
File: color.cfg 2007/01/18 v1.5 color configuration of teTeX/TeXLive
)
Package xcolor Info: Driver file: pdftex.def on input line 225.
LaTeX Info: Redefining \color on input line 702.
Package xcolor Info: Model `cmy' substituted by `cmy0' on input line 1337.
Package xcolor Info: Model `hsb' substituted by `rgb' on input line 1341.
Package xcolor Info: Model `RGB' extended on input line 1353.
Package xcolor Info: Model `HTML' substituted by `rgb' on input line 1355.
Package xcolor Info: Model `Hsb' substituted by `hsb' on input line 1356.
Package xcolor Info: Model `tHsb' substituted by `hsb' on input line 1357.
Package xcolor Info: Model `HSB' substituted by `hsb' on input line 1358.
Package xcolor Info: Model `Gray' substituted by `gray' on input line 1359.
Package xcolor Info: Model `wave' substituted by `hsb' on input line 1360.
)
(/usr/local/texlive/2015/texmf-dist/tex/generic/pgf/basiclayer/pgfcore.code.tex
Package: pgfcore 2010/04/11 v3.0.0 (rcs-revision 1.7)
(/usr/local/texlive/2015/texmf-dist/tex/generic/pgf/math/pgfmath.code.tex
(/usr/local/texlive/2015/texmf-dist/tex/generic/pgf/math/pgfmathcalc.code.tex
(/usr/local/texlive/2015/texmf-dist/tex/generic/pgf/math/pgfmathutil.code.tex)
(/usr/local/texlive/2015/texmf-dist/tex/generic/pgf/math/pgfmathparser.code.tex
\pgfmath@dimen=\dimen142
\pgfmath@count=\count131
\pgfmath@box=\box34
\pgfmath@toks=\toks32
\pgfmath@stack@operand=\toks33
\pgfmath@stack@operation=\toks34
)
(/usr/local/texlive/2015/texmf-dist/tex/generic/pgf/math/pgfmathfunctions.code.
tex
(/usr/local/texlive/2015/texmf-dist/tex/generic/pgf/math/pgfmathfunctions.basic
.code.tex)
(/usr/local/texlive/2015/texmf-dist/tex/generic/pgf/math/pgfmathfunctions.trigo
nometric.code.tex)
(/usr/local/texlive/2015/texmf-dist/tex/generic/pgf/math/pgfmathfunctions.rando
m.code.tex)
(/usr/local/texlive/2015/texmf-dist/tex/generic/pgf/math/pgfmathfunctions.compa
rison.code.tex)
(/usr/local/texlive/2015/texmf-dist/tex/generic/pgf/math/pgfmathfunctions.base.
code.tex)
(/usr/local/texlive/2015/texmf-dist/tex/generic/pgf/math/pgfmathfunctions.round
.code.tex)
(/usr/local/texlive/2015/texmf-dist/tex/generic/pgf/math/pgfmathfunctions.misc.
code.tex)
(/usr/local/texlive/2015/texmf-dist/tex/generic/pgf/math/pgfmathfunctions.integ
erarithmetics.code.tex)))
(/usr/local/texlive/2015/texmf-dist/tex/generic/pgf/math/pgfmathfloat.code.tex
\c@pgfmathroundto@lastzeros=\count132
))
(/usr/local/texlive/2015/texmf-dist/tex/generic/pgf/basiclayer/pgfcorepoints.co
de.tex
File: pgfcorepoints.code.tex 2013/10/07  (rcs-revision 1.27)
\pgf@picminx=\dimen143
\pgf@picmaxx=\dimen144
\pgf@picminy=\dimen145
\pgf@picmaxy=\dimen146
\pgf@pathminx=\dimen147
\pgf@pathmaxx=\dimen148
\pgf@pathminy=\dimen149
\pgf@pathmaxy=\dimen150
\pgf@xx=\dimen151
\pgf@xy=\dimen152
\pgf@yx=\dimen153
\pgf@yy=\dimen154
\pgf@zx=\dimen155
\pgf@zy=\dimen156
)
(/usr/local/texlive/2015/texmf-dist/tex/generic/pgf/basiclayer/pgfcorepathconst
ruct.code.tex
File: pgfcorepathconstruct.code.tex 2013/10/07  (rcs-revision 1.29)
\pgf@path@lastx=\dimen157
\pgf@path@lasty=\dimen158
)
(/usr/local/texlive/2015/texmf-dist/tex/generic/pgf/basiclayer/pgfcorepathusage
.code.tex
File: pgfcorepathusage.code.tex 2013/12/13  (rcs-revision 1.23)
\pgf@shorten@end@additional=\dimen159
\pgf@shorten@start@additional=\dimen160
)
(/usr/local/texlive/2015/texmf-dist/tex/generic/pgf/basiclayer/pgfcorescopes.co
de.tex
File: pgfcorescopes.code.tex 2013/10/09  (rcs-revision 1.44)
\pgfpic=\box35
\pgf@hbox=\box36
\pgf@layerbox@main=\box37
\pgf@picture@serial@count=\count133
)
(/usr/local/texlive/2015/texmf-dist/tex/generic/pgf/basiclayer/pgfcoregraphicst
ate.code.tex
File: pgfcoregraphicstate.code.tex 2013/09/19  (rcs-revision 1.11)
\pgflinewidth=\dimen161
)
(/usr/local/texlive/2015/texmf-dist/tex/generic/pgf/basiclayer/pgfcoretransform
ations.code.tex
File: pgfcoretransformations.code.tex 2013/10/10  (rcs-revision 1.17)
\pgf@pt@x=\dimen162
\pgf@pt@y=\dimen163
\pgf@pt@temp=\dimen164
)
(/usr/local/texlive/2015/texmf-dist/tex/generic/pgf/basiclayer/pgfcorequick.cod
e.tex
File: pgfcorequick.code.tex 2008/10/09  (rcs-revision 1.3)
)
(/usr/local/texlive/2015/texmf-dist/tex/generic/pgf/basiclayer/pgfcoreobjects.c
ode.tex
File: pgfcoreobjects.code.tex 2006/10/11  (rcs-revision 1.2)
)
(/usr/local/texlive/2015/texmf-dist/tex/generic/pgf/basiclayer/pgfcorepathproce
ssing.code.tex
File: pgfcorepathprocessing.code.tex 2013/09/09  (rcs-revision 1.9)
)
(/usr/local/texlive/2015/texmf-dist/tex/generic/pgf/basiclayer/pgfcorearrows.co
de.tex
File: pgfcorearrows.code.tex 2013/11/07  (rcs-revision 1.40)
\pgfarrowsep=\dimen165
)
(/usr/local/texlive/2015/texmf-dist/tex/generic/pgf/basiclayer/pgfcoreshade.cod
e.tex
File: pgfcoreshade.code.tex 2013/07/15  (rcs-revision 1.15)
\pgf@max=\dimen166
\pgf@sys@shading@range@num=\count134
)
(/usr/local/texlive/2015/texmf-dist/tex/generic/pgf/basiclayer/pgfcoreimage.cod
e.tex
File: pgfcoreimage.code.tex 2013/07/15  (rcs-revision 1.18)

(/usr/local/texlive/2015/texmf-dist/tex/generic/pgf/basiclayer/pgfcoreexternal.
code.tex
File: pgfcoreexternal.code.tex 2013/07/15  (rcs-revision 1.20)
\pgfexternal@startupbox=\box38
))
(/usr/local/texlive/2015/texmf-dist/tex/generic/pgf/basiclayer/pgfcorelayers.co
de.tex
File: pgfcorelayers.code.tex 2013/07/18  (rcs-revision 1.7)
)
(/usr/local/texlive/2015/texmf-dist/tex/generic/pgf/basiclayer/pgfcoretranspare
ncy.code.tex
File: pgfcoretransparency.code.tex 2013/09/30  (rcs-revision 1.5)
)
(/usr/local/texlive/2015/texmf-dist/tex/generic/pgf/basiclayer/pgfcorepatterns.
code.tex
File: pgfcorepatterns.code.tex 2013/11/07  (rcs-revision 1.5)
)))
(/usr/local/texlive/2015/texmf-dist/tex/generic/pgf/modules/pgfmoduleshapes.cod
e.tex
File: pgfmoduleshapes.code.tex 2013/10/31  (rcs-revision 1.34)
\pgfnodeparttextbox=\box39
)
(/usr/local/texlive/2015/texmf-dist/tex/generic/pgf/modules/pgfmoduleplot.code.
tex
File: pgfmoduleplot.code.tex 2013/07/31  (rcs-revision 1.12)
)
(/usr/local/texlive/2015/texmf-dist/tex/latex/pgf/compatibility/pgfcomp-version
-0-65.sty
Package: pgfcomp-version-0-65 2007/07/03 v3.0.0 (rcs-revision 1.7)
\pgf@nodesepstart=\dimen167
\pgf@nodesepend=\dimen168
)
(/usr/local/texlive/2015/texmf-dist/tex/latex/pgf/compatibility/pgfcomp-version
-1-18.sty
Package: pgfcomp-version-1-18 2007/07/23 v3.0.0 (rcs-revision 1.1)
))
(/usr/local/texlive/2015/texmf-dist/tex/latex/pgf/utilities/pgffor.sty
(/usr/local/texlive/2015/texmf-dist/tex/latex/pgf/utilities/pgfkeys.sty
(/usr/local/texlive/2015/texmf-dist/tex/generic/pgf/utilities/pgfkeys.code.tex)
) (/usr/local/texlive/2015/texmf-dist/tex/latex/pgf/math/pgfmath.sty
(/usr/local/texlive/2015/texmf-dist/tex/generic/pgf/math/pgfmath.code.tex))
(/usr/local/texlive/2015/texmf-dist/tex/generic/pgf/utilities/pgffor.code.tex
Package: pgffor 2013/12/13 v3.0.0 (rcs-revision 1.25)

(/usr/local/texlive/2015/texmf-dist/tex/generic/pgf/math/pgfmath.code.tex)
\pgffor@iter=\dimen169
\pgffor@skip=\dimen170
\pgffor@stack=\toks35
\pgffor@toks=\toks36
))
(/usr/local/texlive/2015/texmf-dist/tex/generic/pgf/frontendlayer/tikz/tikz.cod
e.tex
Package: tikz 2013/12/13 v3.0.0 (rcs-revision 1.142)

(/usr/local/texlive/2015/texmf-dist/tex/generic/pgf/libraries/pgflibraryplothan
dlers.code.tex
File: pgflibraryplothandlers.code.tex 2013/08/31 v3.0.0 (rcs-revision 1.20)
\pgf@plot@mark@count=\count135
\pgfplotmarksize=\dimen171
)
\tikz@lastx=\dimen172
\tikz@lasty=\dimen173
\tikz@lastxsaved=\dimen174
\tikz@lastysaved=\dimen175
\tikzleveldistance=\dimen176
\tikzsiblingdistance=\dimen177
\tikz@figbox=\box40
\tikz@figbox@bg=\box41
\tikz@tempbox=\box42
\tikz@tempbox@bg=\box43
\tikztreelevel=\count136
\tikznumberofchildren=\count137
\tikznumberofcurrentchild=\count138
\tikz@fig@count=\count139

(/usr/local/texlive/2015/texmf-dist/tex/generic/pgf/modules/pgfmodulematrix.cod
e.tex
File: pgfmodulematrix.code.tex 2013/09/17  (rcs-revision 1.8)
\pgfmatrixcurrentrow=\count140
\pgfmatrixcurrentcolumn=\count141
\pgf@matrix@numberofcolumns=\count142
)
\tikz@expandcount=\count143

(/usr/local/texlive/2015/texmf-dist/tex/generic/pgf/frontendlayer/tikz/librarie
s/tikzlibrarytopaths.code.tex
File: tikzlibrarytopaths.code.tex 2008/06/17 v3.0.0 (rcs-revision 1.2)
)))
(/usr/local/texlive/2015/texmf-dist/tex/latex/amsfonts/amsfonts.sty
Package: amsfonts 2013/01/14 v3.01 Basic AMSFonts support
\symAMSa=\mathgroup4
\symAMSb=\mathgroup5
LaTeX Font Info:    Overwriting math alphabet `\mathfrak' in version `bold'
(Font)                  U/euf/m/n --> U/euf/b/n on input line 106.
)
(./paper.aux

LaTeX Warning: Label `eq:ObjectivefunctionPP' multiply defined.

)
\openout1 = `paper.aux'.

LaTeX Font Info:    Checking defaults for OML/cmm/m/it on input line 14.
LaTeX Font Info:    ... okay on input line 14.
LaTeX Font Info:    Checking defaults for T1/cmr/m/n on input line 14.
LaTeX Font Info:    ... okay on input line 14.
LaTeX Font Info:    Checking defaults for OT1/cmr/m/n on input line 14.
LaTeX Font Info:    ... okay on input line 14.
LaTeX Font Info:    Checking defaults for OMS/cmsy/m/n on input line 14.
LaTeX Font Info:    ... okay on input line 14.
LaTeX Font Info:    Checking defaults for OMX/cmex/m/n on input line 14.
LaTeX Font Info:    ... okay on input line 14.
LaTeX Font Info:    Checking defaults for U/cmr/m/n on input line 14.
LaTeX Font Info:    ... okay on input line 14.
 (/usr/local/texlive/2015/texmf-dist/tex/context/base/supp-pdf.mkii
[Loading MPS to PDF converter (version 2006.09.02).]
\scratchcounter=\count144
\scratchdimen=\dimen178
\scratchbox=\box44
\nofMPsegments=\count145
\nofMParguments=\count146
\everyMPshowfont=\toks37
\MPscratchCnt=\count147
\MPscratchDim=\dimen179
\MPnumerator=\count148
\makeMPintoPDFobject=\count149
\everyMPtoPDFconversion=\toks38
) (/usr/local/texlive/2015/texmf-dist/tex/generic/oberdiek/pdftexcmds.sty
Package: pdftexcmds 2011/11/29 v0.20 Utility functions of pdfTeX for LuaTeX (HO
)

(/usr/local/texlive/2015/texmf-dist/tex/generic/oberdiek/ifluatex.sty
Package: ifluatex 2010/03/01 v1.3 Provides the ifluatex switch (HO)
Package ifluatex Info: LuaTeX not detected.
)
Package pdftexcmds Info: LuaTeX not detected.
Package pdftexcmds Info: \pdf@primitive is available.
Package pdftexcmds Info: \pdf@ifprimitive is available.
Package pdftexcmds Info: \pdfdraftmode found.
)
(/usr/local/texlive/2015/texmf-dist/tex/latex/oberdiek/epstopdf-base.sty
Package: epstopdf-base 2010/02/09 v2.5 Base part for package epstopdf

(/usr/local/texlive/2015/texmf-dist/tex/latex/oberdiek/grfext.sty
Package: grfext 2010/08/19 v1.1 Manage graphics extensions (HO)

(/usr/local/texlive/2015/texmf-dist/tex/generic/oberdiek/kvdefinekeys.sty
Package: kvdefinekeys 2011/04/07 v1.3 Define keys (HO)
))
(/usr/local/texlive/2015/texmf-dist/tex/latex/oberdiek/kvoptions.sty
Package: kvoptions 2011/06/30 v3.11 Key value format for package options (HO)

(/usr/local/texlive/2015/texmf-dist/tex/generic/oberdiek/kvsetkeys.sty
Package: kvsetkeys 2012/04/25 v1.16 Key value parser (HO)

(/usr/local/texlive/2015/texmf-dist/tex/generic/oberdiek/etexcmds.sty
Package: etexcmds 2011/02/16 v1.5 Avoid name clashes with e-TeX commands (HO)
Package etexcmds Info: Could not find \expanded.
(etexcmds)             That can mean that you are not using pdfTeX 1.50 or
(etexcmds)             that some package has redefined \expanded.
(etexcmds)             In the latter case, load this package earlier.
)))
Package grfext Info: Graphics extension search list:
(grfext)             [.pdf,.png,.eps]
(grfext)             \AppendGraphicsExtensions on input line 452.

(/usr/local/texlive/2015/texmf-dist/tex/latex/latexconfig/epstopdf-sys.cfg
File: epstopdf-sys.cfg 2010/07/13 v1.3 Configuration of (r)epstopdf for TeX Liv
e
))
Package caption Info: Begin \AtBeginDocument code.
Package caption Info: subfig package v1.3 is loaded.
Package caption Info: listings package is loaded.
Package caption Info: End \AtBeginDocument code.
\c@lstlisting=\count150

ABD: EveryShipout initializing macros
LaTeX Font Info:    Try loading font information for U+msa on input line 38.

(/usr/local/texlive/2015/texmf-dist/tex/latex/amsfonts/umsa.fd
File: umsa.fd 2013/01/14 v3.01 AMS symbols A
)
LaTeX Font Info:    Try loading font information for U+msb on input line 38.

(/usr/local/texlive/2015/texmf-dist/tex/latex/amsfonts/umsb.fd
File: umsb.fd 2013/01/14 v3.01 AMS symbols B
) [1

{/usr/local/texlive/2015/texmf-var/fonts/map/pdftex/updmap/pdftex.map}] [2]
(./introduction.tex [3] [4]) (./theory.tex [5] [6] [7] [8] [9] [10] [11]
Overfull \hbox (1.06375pt too wide) in paragraph at lines 276--294
\OT1/cmr/m/n/10.95 In this stage, we use trav-el-times of PP re-flec-tion to re
-cover the low-to-intermediate wavenum-
 []

[12] [13] [14] [15]
Overfull \hbox (2.9479pt too wide) in paragraph at lines 471--491
[]\OT1/cmr/m/n/10.95 Usually, the low-frequency com-po-nents in the data and th
e low-to-intermediate wavenum-
 []

[16] [17] [18] <Kernel/Combinations/K_MN.pdf, id=75, 419.5675pt x 447.6725pt>
File: Kernel/Combinations/K_MN.pdf Graphic file (type pdf)

<use Kernel/Combinations/K_MN.pdf>
Package pdftex.def Info: Kernel/Combinations/K_MN.pdf used on input line 528.
(pdftex.def)             Requested size: 216.81pt x 231.32922pt.

<Kernel/1vp.pdf, id=76, 339.2675pt x 289.08pt>
File: Kernel/1vp.pdf Graphic file (type pdf)
 <use Kernel/1vp.pdf>
Package pdftex.def Info: Kernel/1vp.pdf used on input line 537.
(pdftex.def)             Requested size: 216.81pt x 184.73708pt.

<Kernel/1vs.pdf, id=77, 339.2675pt x 289.08pt>
File: Kernel/1vs.pdf Graphic file (type pdf)
 <use Kernel/1vs.pdf>
Package pdftex.def Info: Kernel/1vs.pdf used on input line 538.
(pdftex.def)             Requested size: 216.81pt x 184.73708pt.

<Kernel/Vponlyvp.pdf, id=78, 303.1325pt x 303.1325pt>
File: Kernel/Vponlyvp.pdf Graphic file (type pdf)

<use Kernel/Vponlyvp.pdf>
Package pdftex.def Info: Kernel/Vponlyvp.pdf used on input line 539.
(pdftex.def)             Requested size: 216.81pt x 216.8121pt.

<Kernel/Vsonlyvp.pdf, id=79, 303.1325pt x 303.1325pt>
File: Kernel/Vsonlyvp.pdf Graphic file (type pdf)

<use Kernel/Vsonlyvp.pdf>
Package pdftex.def Info: Kernel/Vsonlyvp.pdf used on input line 540.
(pdftex.def)             Requested size: 216.81pt x 216.8121pt.


LaTeX Warning: `h' float specifier changed to `ht'.

<Kernel/2vp.pdf, id=80, 339.2675pt x 289.08pt>
File: Kernel/2vp.pdf Graphic file (type pdf)
 <use Kernel/2vp.pdf>
Package pdftex.def Info: Kernel/2vp.pdf used on input line 547.
(pdftex.def)             Requested size: 216.81pt x 184.73708pt.

<Kernel/2vs.pdf, id=81, 339.2675pt x 289.08pt>
File: Kernel/2vs.pdf Graphic file (type pdf)
 <use Kernel/2vs.pdf>
Package pdftex.def Info: Kernel/2vs.pdf used on input line 548.
(pdftex.def)             Requested size: 216.81pt x 184.73708pt.

<Kernel/Vponlyvs.pdf, id=82, 303.1325pt x 303.1325pt>
File: Kernel/Vponlyvs.pdf Graphic file (type pdf)

<use Kernel/Vponlyvs.pdf>
Package pdftex.def Info: Kernel/Vponlyvs.pdf used on input line 549.
(pdftex.def)             Requested size: 216.81pt x 216.8121pt.

<Kernel/Vsonlyvs.pdf, id=83, 303.1325pt x 303.1325pt>
File: Kernel/Vsonlyvs.pdf Graphic file (type pdf)

<use Kernel/Vsonlyvs.pdf>
Package pdftex.def Info: Kernel/Vsonlyvs.pdf used on input line 550.
(pdftex.def)             Requested size: 216.81pt x 216.8121pt.

<Kernel/VsonlyvsPP.pdf, id=84, 303.1325pt x 303.1325pt>
File: Kernel/VsonlyvsPP.pdf Graphic file (type pdf)

<use Kernel/VsonlyvsPP.pdf>
Package pdftex.def Info: Kernel/VsonlyvsPP.pdf used on input line 557.
(pdftex.def)             Requested size: 216.81pt x 216.8121pt.

<Kernel/VsonlyvsPS.pdf, id=85, 303.1325pt x 303.1325pt>
File: Kernel/VsonlyvsPS.pdf Graphic file (type pdf)

<use Kernel/VsonlyvsPS.pdf>
Package pdftex.def Info: Kernel/VsonlyvsPS.pdf used on input line 558.
(pdftex.def)             Requested size: 216.81pt x 216.8121pt.

<Kernel/VsonlyvsSP.pdf, id=86, 303.1325pt x 303.1325pt>
File: Kernel/VsonlyvsSP.pdf Graphic file (type pdf)

<use Kernel/VsonlyvsSP.pdf>
Package pdftex.def Info: Kernel/VsonlyvsSP.pdf used on input line 559.
(pdftex.def)             Requested size: 216.81pt x 216.8121pt.

<Kernel/VsonlyvsSS.pdf, id=87, 303.1325pt x 303.1325pt>
File: Kernel/VsonlyvsSS.pdf Graphic file (type pdf)

<use Kernel/VsonlyvsSS.pdf>
Package pdftex.def Info: Kernel/VsonlyvsSS.pdf used on input line 560.
(pdftex.def)             Requested size: 216.81pt x 216.8121pt.

<Kernel/Combinations/K_vp.pdf, id=88, 614.295pt x 744.7825pt>
File: Kernel/Combinations/K_vp.pdf Graphic file (type pdf)

<use Kernel/Combinations/K_vp.pdf>
Package pdftex.def Info: Kernel/Combinations/K_vp.pdf used on input line 568.
(pdftex.def)             Requested size: 346.89731pt x 420.58698pt.

<Kernel/Combinations/K_vs1.pdf, id=89, 614.295pt x 679.53876pt>
File: Kernel/Combinations/K_vs1.pdf Graphic file (type pdf)

<use Kernel/Combinations/K_vs1.pdf>
Package pdftex.def Info: Kernel/Combinations/K_vs1.pdf used on input line 584.
(pdftex.def)             Requested size: 433.62pt x 479.6763pt.
 [19 <./Kernel/Combinations/K_MN.pdf>]
[20 <./Kernel/1vp.pdf> <./Kernel/1vs.pdf> <./Kernel/Vponlyvp.pdf> <./Kernel/Vso
nlyvp.pdf>] [21 <./Kernel/2vp.pdf> <./Kernel/2vs.pdf> <./Kernel/Vponlyvs.pdf> <
./Kernel/Vsonlyvs.pdf>] [22 <./Kernel/VsonlyvsPP.pdf> <./Kernel/VsonlyvsPS.pdf>
 <./Kernel/VsonlyvsSP.pdf> <./Kernel/VsonlyvsSS.pdf>] [23 <./Kernel/Combination
s/K_vp.pdf>] [24 <./Kernel/Combinations/K_vs1.pdf>]
<Kernel/Combinations/K_vs_recPS.pdf, id=264, 614.295pt x 483.8075pt>
File: Kernel/Combinations/K_vs_recPS.pdf Graphic file (type pdf)

<use Kernel/Combinations/K_vs_recPS.pdf>
Package pdftex.def Info: Kernel/Combinations/K_vs_recPS.pdf used on input line 
598.
(pdftex.def)             Requested size: 433.62pt x 341.51251pt.

<sigbee2_new/Fig/Truevp.pdf, id=265, 578.16pt x 289.08pt>
File: sigbee2_new/Fig/Truevp.pdf Graphic file (type pdf)

<use sigbee2_new/Fig/Truevp.pdf>
Package pdftex.def Info: sigbee2_new/Fig/Truevp.pdf used on input line 610.
(pdftex.def)             Requested size: 216.81pt x 108.40472pt.

<sigbee2_new/Fig/Truevs.pdf, id=266, 578.16pt x 289.08pt>
File: sigbee2_new/Fig/Truevs.pdf Graphic file (type pdf)

<use sigbee2_new/Fig/Truevs.pdf>
Package pdftex.def Info: sigbee2_new/Fig/Truevs.pdf used on input line 611.
(pdftex.def)             Requested size: 216.81pt x 108.40472pt.

<sigbee2_new/Fig/Initvp.pdf, id=267, 578.16pt x 289.08pt>
File: sigbee2_new/Fig/Initvp.pdf Graphic file (type pdf)

<use sigbee2_new/Fig/Initvp.pdf>
Package pdftex.def Info: sigbee2_new/Fig/Initvp.pdf used on input line 612.
(pdftex.def)             Requested size: 216.81pt x 108.40472pt.

<sigbee2_new/Fig/Initvs.pdf, id=268, 578.16pt x 289.08pt>
File: sigbee2_new/Fig/Initvs.pdf Graphic file (type pdf)

<use sigbee2_new/Fig/Initvs.pdf>
Package pdftex.def Info: sigbee2_new/Fig/Initvs.pdf used on input line 613.
(pdftex.def)             Requested size: 216.81pt x 108.40472pt.

<sigbee2_new/Fig/imageInitialvp.pdf, id=269, 578.16pt x 289.08pt>
File: sigbee2_new/Fig/imageInitialvp.pdf Graphic file (type pdf)

<use sigbee2_new/Fig/imageInitialvp.pdf>
Package pdftex.def Info: sigbee2_new/Fig/imageInitialvp.pdf used on input line 
622.
(pdftex.def)             Requested size: 216.81pt x 108.40472pt.

<sigbee2_new/Fig/imageInitialvs.pdf, id=270, 578.16pt x 289.08pt>
File: sigbee2_new/Fig/imageInitialvs.pdf Graphic file (type pdf)

<use sigbee2_new/Fig/imageInitialvs.pdf>
Package pdftex.def Info: sigbee2_new/Fig/imageInitialvs.pdf used on input line 
623.
(pdftex.def)             Requested size: 216.81pt x 108.40472pt.
File: sigbee2_new/Fig/Initvp.pdf Graphic file (type pdf)
 <use sigbee2_new/Fig/Initvp.pdf>
Package pdftex.def Info: sigbee2_new/Fig/Initvp.pdf used on input line 624.
(pdftex.def)             Requested size: 216.81pt x 108.40472pt.
File: sigbee2_new/Fig/Initvs.pdf Graphic file (type pdf)

<use sigbee2_new/Fig/Initvs.pdf>
Package pdftex.def Info: sigbee2_new/Fig/Initvs.pdf used on input line 625.
(pdftex.def)             Requested size: 216.81pt x 108.40472pt.

<sigbee2_new/Fig/RTIvp.pdf, id=271, 578.16pt x 289.08pt>
File: sigbee2_new/Fig/RTIvp.pdf Graphic file (type pdf)

<use sigbee2_new/Fig/RTIvp.pdf>
Package pdftex.def Info: sigbee2_new/Fig/RTIvp.pdf used on input line 633.
(pdftex.def)             Requested size: 216.81pt x 108.40472pt.

<sigbee2_new/Fig/RTIvs.pdf, id=272, 578.16pt x 289.08pt>
File: sigbee2_new/Fig/RTIvs.pdf Graphic file (type pdf)

<use sigbee2_new/Fig/RTIvs.pdf>
Package pdftex.def Info: sigbee2_new/Fig/RTIvs.pdf used on input line 634.
(pdftex.def)             Requested size: 216.81pt x 108.40472pt.

<sigbee2_new/Fig/imageTRUEvp.pdf, id=273, 578.16pt x 289.08pt>
File: sigbee2_new/Fig/imageTRUEvp.pdf Graphic file (type pdf)

<use sigbee2_new/Fig/imageTRUEvp.pdf>
Package pdftex.def Info: sigbee2_new/Fig/imageTRUEvp.pdf used on input line 640
.
(pdftex.def)             Requested size: 216.81pt x 108.40472pt.

<sigbee2_new/Fig/imageTRUEvs.pdf, id=274, 578.16pt x 289.08pt>
File: sigbee2_new/Fig/imageTRUEvs.pdf Graphic file (type pdf)

<use sigbee2_new/Fig/imageTRUEvs.pdf>
Package pdftex.def Info: sigbee2_new/Fig/imageTRUEvs.pdf used on input line 641
.
(pdftex.def)             Requested size: 216.81pt x 108.40472pt.

<sigbee2_new/Fig/imageRTIvp.pdf, id=275, 578.16pt x 289.08pt>
File: sigbee2_new/Fig/imageRTIvp.pdf Graphic file (type pdf)

<use sigbee2_new/Fig/imageRTIvp.pdf>
Package pdftex.def Info: sigbee2_new/Fig/imageRTIvp.pdf used on input line 642.

(pdftex.def)             Requested size: 216.81pt x 108.40472pt.

<sigbee2_new/Fig/imageRTIvs.pdf, id=276, 578.16pt x 289.08pt>
File: sigbee2_new/Fig/imageRTIvs.pdf Graphic file (type pdf)

<use sigbee2_new/Fig/imageRTIvs.pdf>
Package pdftex.def Info: sigbee2_new/Fig/imageRTIvs.pdf used on input line 643.

(pdftex.def)             Requested size: 216.81pt x 108.40472pt.
Missing character: There is no Ô in font cmr10!
Missing character: There is no º in font cmr10!
Missing character: There is no õ in font cmr10!
Missing character: There is no Ô in font cmr10!
Missing character: There is no º in font cmr10!
Missing character: There is no õ in font cmr10!

<sigbee2/Fig/DataPP_true.pdf, id=277, 289.08pt x 433.62pt>
File: sigbee2/Fig/DataPP_true.pdf Graphic file (type pdf)

<use sigbee2/Fig/DataPP_true.pdf>
Package pdftex.def Info: sigbee2/Fig/DataPP_true.pdf used on input line 651.
(pdftex.def)             Requested size: 143.09538pt x 214.63925pt.

<sigbee2/Fig/DataPP_init.pdf, id=278, 289.08pt x 433.62pt>
File: sigbee2/Fig/DataPP_init.pdf Graphic file (type pdf)

<use sigbee2/Fig/DataPP_init.pdf>
Package pdftex.def Info: sigbee2/Fig/DataPP_init.pdf used on input line 652.
(pdftex.def)             Requested size: 143.09538pt x 214.63925pt.

<sigbee2/Fig/DataPP_werti.pdf, id=279, 289.08pt x 433.62pt>
File: sigbee2/Fig/DataPP_werti.pdf Graphic file (type pdf)

<use sigbee2/Fig/DataPP_werti.pdf>
Package pdftex.def Info: sigbee2/Fig/DataPP_werti.pdf used on input line 653.
(pdftex.def)             Requested size: 143.09538pt x 214.63925pt.

<sigbee2/Fig/DataPS_true.pdf, id=280, 289.08pt x 433.62pt>
File: sigbee2/Fig/DataPS_true.pdf Graphic file (type pdf)

<use sigbee2/Fig/DataPS_true.pdf>
Package pdftex.def Info: sigbee2/Fig/DataPS_true.pdf used on input line 654.
(pdftex.def)             Requested size: 143.09538pt x 214.63925pt.

<sigbee2/Fig/DataPS_init.pdf, id=281, 289.08pt x 433.62pt>
File: sigbee2/Fig/DataPS_init.pdf Graphic file (type pdf)

<use sigbee2/Fig/DataPS_init.pdf>
Package pdftex.def Info: sigbee2/Fig/DataPS_init.pdf used on input line 655.
(pdftex.def)             Requested size: 143.09538pt x 214.63925pt.

<sigbee2/Fig/DataPS_werti.pdf, id=282, 289.08pt x 433.62pt>
File: sigbee2/Fig/DataPS_werti.pdf Graphic file (type pdf)

<use sigbee2/Fig/DataPS_werti.pdf>
Package pdftex.def Info: sigbee2/Fig/DataPS_werti.pdf used on input line 656.
(pdftex.def)             Requested size: 143.09538pt x 214.63925pt.


LaTeX Warning: Float too large for page by 37.84856pt on input line 664.

<sigbee2/LSF_Gra_vp.pdf, id=283, 578.16pt x 289.08pt>
File: sigbee2/LSF_Gra_vp.pdf Graphic file (type pdf)

<use sigbee2/LSF_Gra_vp.pdf>
Package pdftex.def Info: sigbee2/LSF_Gra_vp.pdf used on input line 667.
(pdftex.def)             Requested size: 216.81pt x 108.40472pt.

<sigbee2/NoLSF_Gra_vp.pdf, id=284, 578.16pt x 289.08pt>
File: sigbee2/NoLSF_Gra_vp.pdf Graphic file (type pdf)

<use sigbee2/NoLSF_Gra_vp.pdf>
Package pdftex.def Info: sigbee2/NoLSF_Gra_vp.pdf used on input line 668.
(pdftex.def)             Requested size: 216.81pt x 108.40472pt.

<sigbee2_new/Fig/EFWI_RTIvp.pdf, id=285, 578.16pt x 289.08pt>
File: sigbee2_new/Fig/EFWI_RTIvp.pdf Graphic file (type pdf)

<use sigbee2_new/Fig/EFWI_RTIvp.pdf>
Package pdftex.def Info: sigbee2_new/Fig/EFWI_RTIvp.pdf used on input line 680.

(pdftex.def)             Requested size: 216.81pt x 108.40472pt.

<sigbee2_new/Fig/EFWI_RTIvs.pdf, id=286, 578.16pt x 289.08pt>
File: sigbee2_new/Fig/EFWI_RTIvs.pdf Graphic file (type pdf)

<use sigbee2_new/Fig/EFWI_RTIvs.pdf>
Package pdftex.def Info: sigbee2_new/Fig/EFWI_RTIvs.pdf used on input line 681.

(pdftex.def)             Requested size: 216.81pt x 108.40472pt.

<sigbee2_new/Fig/1_5km.pdf, id=287, 562.1pt x 378.41376pt>
File: sigbee2_new/Fig/1_5km.pdf Graphic file (type pdf)

<use sigbee2_new/Fig/1_5km.pdf>
Package pdftex.def Info: sigbee2_new/Fig/1_5km.pdf used on input line 693.
(pdftex.def)             Requested size: 216.81pt x 145.95824pt.

<sigbee2_new/Fig/3km.pdf, id=288, 562.1pt x 378.41376pt>
File: sigbee2_new/Fig/3km.pdf Graphic file (type pdf)

<use sigbee2_new/Fig/3km.pdf>
Package pdftex.def Info: sigbee2_new/Fig/3km.pdf used on input line 694.
(pdftex.def)             Requested size: 216.81pt x 145.95824pt.

<sigbee2_new/Fig/Cut3Hzvp.pdf, id=289, 578.16pt x 289.08pt>
File: sigbee2_new/Fig/Cut3Hzvp.pdf Graphic file (type pdf)

<use sigbee2_new/Fig/Cut3Hzvp.pdf>
Package pdftex.def Info: sigbee2_new/Fig/Cut3Hzvp.pdf used on input line 708.
(pdftex.def)             Requested size: 216.81pt x 108.40472pt.

<sigbee2_new/Fig/Cut3Hzvs.pdf, id=290, 578.16pt x 289.08pt>
File: sigbee2_new/Fig/Cut3Hzvs.pdf Graphic file (type pdf)

<use sigbee2_new/Fig/Cut3Hzvs.pdf>
Package pdftex.def Info: sigbee2_new/Fig/Cut3Hzvs.pdf used on input line 709.
(pdftex.def)             Requested size: 216.81pt x 108.40472pt.

<sigbee2_new/Fig/Cut5Hzvp.pdf, id=291, 578.16pt x 289.08pt>
File: sigbee2_new/Fig/Cut5Hzvp.pdf Graphic file (type pdf)

<use sigbee2_new/Fig/Cut5Hzvp.pdf>
Package pdftex.def Info: sigbee2_new/Fig/Cut5Hzvp.pdf used on input line 710.
(pdftex.def)             Requested size: 216.81pt x 108.40472pt.

<sigbee2_new/Fig/Cut5Hzvs.pdf, id=292, 578.16pt x 289.08pt>
File: sigbee2_new/Fig/Cut5Hzvs.pdf Graphic file (type pdf)

<use sigbee2_new/Fig/Cut5Hzvs.pdf>
Package pdftex.def Info: sigbee2_new/Fig/Cut5Hzvs.pdf used on input line 711.
(pdftex.def)             Requested size: 216.81pt x 108.40472pt.

<sigbee2_new/Fig/Cut7Hzvp.pdf, id=293, 578.16pt x 289.08pt>
File: sigbee2_new/Fig/Cut7Hzvp.pdf Graphic file (type pdf)

<use sigbee2_new/Fig/Cut7Hzvp.pdf>
Package pdftex.def Info: sigbee2_new/Fig/Cut7Hzvp.pdf used on input line 712.
(pdftex.def)             Requested size: 216.81pt x 108.40472pt.

<sigbee2_new/Fig/Cut7Hzvs.pdf, id=294, 578.16pt x 289.08pt>
File: sigbee2_new/Fig/Cut7Hzvs.pdf Graphic file (type pdf)

<use sigbee2_new/Fig/Cut7Hzvs.pdf>
Package pdftex.def Info: sigbee2_new/Fig/Cut7Hzvs.pdf used on input line 713.
(pdftex.def)             Requested size: 216.81pt x 108.40472pt.
 [25


 <./Kernel/Combinations/K_vs_recPS.pdf>]
[26 <./sigbee2_new/Fig/Truevp.pdf> <./sigbee2_new/Fig/Truevs.pdf> <./sigbee2_ne
w/Fig/Initvp.pdf> <./sigbee2_new/Fig/Initvs.pdf>] [27 <./sigbee2_new/Fig/imageI
nitialvp.pdf> <./sigbee2_new/Fig/imageInitialvs.pdf> <./sigbee2_new/Fig/RTIvp.p
df> <./sigbee2_new/Fig/RTIvs.pdf>] [28 <./sigbee2_new/Fig/imageTRUEvp.pdf> <./s
igbee2_new/Fig/imageTRUEvs.pdf> <./sigbee2_new/Fig/imageRTIvp.pdf> <./sigbee2_n
ew/Fig/imageRTIvs.pdf>] [29 <./sigbee2/Fig/DataPP_true.pdf> <./sigbee2/Fig/Data
PP_init.pdf> <./sigbee2/Fig/DataPP_werti.pdf> <./sigbee2/Fig/DataPS_true.pdf> <
./sigbee2/Fig/DataPS_init.pdf> <./sigbee2/Fig/DataPS_werti.pdf>] [30 <./sigbee2
/LSF_Gra_vp.pdf> <./sigbee2/NoLSF_Gra_vp.pdf> <./sigbee2_new/Fig/EFWI_RTIvp.pdf
> <./sigbee2_new/Fig/EFWI_RTIvs.pdf>] [31 <./sigbee2_new/Fig/1_5km.pdf> <./sigb
ee2_new/Fig/3km.pdf>] [32 <./sigbee2_new/Fig/Cut3Hzvp.pdf> <./sigbee2_new/Fig/C
ut3Hzvs.pdf> <./sigbee2_new/Fig/Cut5Hzvp.pdf> <./sigbee2_new/Fig/Cut5Hzvs.pdf> 
<./sigbee2_new/Fig/Cut7Hzvp.pdf> <./sigbee2_new/Fig/Cut7Hzvs.pdf>] [33

]
[34]

LaTeX Warning: Reference `AdjointDeltaWE' on page 35 undefined on input line 91
8.

[35] <Kernel/Combinations/K_vs_src_new.pdf, id=534, 614.295pt x 592.2125pt>
File: Kernel/Combinations/K_vs_src_new.pdf Graphic file (type pdf)

<use Kernel/Combinations/K_vs_src_new.pdf>
Package pdftex.def Info: Kernel/Combinations/K_vs_src_new.pdf used on input lin
e 930.
(pdftex.def)             Requested size: 433.62pt x 418.03398pt.

<Kernel/Combinations/K_vs_recPP_new.pdf, id=535, 614.295pt x 483.8075pt>
File: Kernel/Combinations/K_vs_recPP_new.pdf Graphic file (type pdf)

<use Kernel/Combinations/K_vs_recPP_new.pdf>
Package pdftex.def Info: Kernel/Combinations/K_vs_recPP_new.pdf used on input l
ine 945.
(pdftex.def)             Requested size: 433.62pt x 341.51251pt.
 [36]
Overfull \vbox (24.9823pt too high) has occurred while \output is active []


[37 <./Kernel/Combinations/K_vs_src_new.pdf>] [38 <./Kernel/Combinations/K_vs_r
ecPP_new.pdf>] <PS_problem/PS_refl.pdf, id=567, 361.35pt x 289.08pt>
File: PS_problem/PS_refl.pdf Graphic file (type pdf)

<use PS_problem/PS_refl.pdf>
Package pdftex.def Info: PS_problem/PS_refl.pdf used on input line 1041.
(pdftex.def)             Requested size: 173.44534pt x 138.75682pt.
 [39]
<PS_problem/h1000.pdf, id=572, 400.49625pt x 401.5pt>
File: PS_problem/h1000.pdf Graphic file (type pdf)

<use PS_problem/h1000.pdf>
Package pdftex.def Info: PS_problem/h1000.pdf used on input line 1048.
(pdftex.def)             Requested size: 216.81pt x 217.35814pt.

<PS_problem/h500.pdf, id=573, 400.49625pt x 401.5pt>
File: PS_problem/h500.pdf Graphic file (type pdf)
 <use PS_problem/h500.pdf>
Package pdftex.def Info: PS_problem/h500.pdf used on input line 1049.
(pdftex.def)             Requested size: 216.81pt x 217.35814pt.
) (./paper.bbl [40 <./PS_problem/PS_refl.pdf>] [41 <./PS_problem/h1000.pdf> <./
PS_problem/h500.pdf>] [42]
Missing character: There is no ‚ in font cmr10!
Missing character: There is no Ä in font cmr10!
Missing character: There is no ê in font cmr10!
 [43] [44] [45]) [46] (./paper.aux)

LaTeX Warning: There were undefined references.


LaTeX Warning: There were multiply-defined labels.

 ) 
Here is how much of TeX's memory you used:
 15483 strings out of 493089
 296339 string characters out of 6134848
 340450 words of memory out of 5000000
 18608 multiletter control sequences out of 15000+600000
 13968 words of font info for 52 fonts, out of 8000000 for 9000
 1141 hyphenation exceptions out of 8191
 55i,25n,54p,670b,378s stack positions out of 5000i,500n,10000p,200000b,80000s
</usr/local/texlive/2015/texmf-dist/fonts/type1/public/amsfonts/cm/cmbsy10.pf
b></usr/local/texlive/2015/texmf-dist/fonts/type1/public/amsfonts/cm/cmbx10.pfb
></usr/local/texlive/2015/texmf-dist/fonts/type1/public/amsfonts/cm/cmbx12.pfb>
</usr/local/texlive/2015/texmf-dist/fonts/type1/public/amsfonts/cm/cmbx8.pfb></
usr/local/texlive/2015/texmf-dist/fonts/type1/public/amsfonts/cm/cmex10.pfb></u
sr/local/texlive/2015/texmf-dist/fonts/type1/public/amsfonts/cm/cmmi10.pfb></us
r/local/texlive/2015/texmf-dist/fonts/type1/public/amsfonts/cm/cmmi12.pfb></usr
/local/texlive/2015/texmf-dist/fonts/type1/public/amsfonts/cm/cmmi6.pfb></usr/l
ocal/texlive/2015/texmf-dist/fonts/type1/public/amsfonts/cm/cmmi8.pfb></usr/loc
al/texlive/2015/texmf-dist/fonts/type1/public/amsfonts/cm/cmmib10.pfb></usr/loc
al/texlive/2015/texmf-dist/fonts/type1/public/amsfonts/cm/cmr10.pfb></usr/local
/texlive/2015/texmf-dist/fonts/type1/public/amsfonts/cm/cmr6.pfb></usr/local/te
xlive/2015/texmf-dist/fonts/type1/public/amsfonts/cm/cmr8.pfb></usr/local/texli
ve/2015/texmf-dist/fonts/type1/public/amsfonts/cm/cmr9.pfb></usr/local/texlive/
2015/texmf-dist/fonts/type1/public/amsfonts/cm/cmsy10.pfb></usr/local/texlive/2
015/texmf-dist/fonts/type1/public/amsfonts/cm/cmsy6.pfb></usr/local/texlive/201
5/texmf-dist/fonts/type1/public/amsfonts/cm/cmsy8.pfb></usr/local/texlive/2015/
texmf-dist/fonts/type1/public/amsfonts/cm/cmti10.pfb>
Output written on paper.pdf (46 pages, 4891822 bytes).
PDF statistics:
 675 PDF objects out of 1000 (max. 8388607)
 419 compressed objects within 5 object streams
 0 named destinations out of 1000 (max. 500000)
 268 words of extra memory for PDF output out of 10000 (max. 10000000)

